[0.020s] Invoking command in '/home/usuario/Documentos/GitHub/IR2121/Navigation/build/nav': CMAKE_PREFIX_PATH=/opt/ros/foxy /usr/bin/cmake --build /home/usuario/Documentos/GitHub/IR2121/Navigation/build/nav -- -j6 -l6
[0.062s] [35m[1mScanning dependencies of target publisher[0m
[0.085s] [ 50%] [32mBuilding CXX object CMakeFiles/publisher.dir/publisher.cpp.o[0m
[0.157s] [01m[K/home/usuario/Documentos/GitHub/IR2121/Navigation/src/nav/publisher.cpp:4:10:[m[K [01;31m[Kfatal error: [m[Kgeometry_msgs/msg/PoseWithCovarianceStamped.hpp: No existe el archivo o el directorio
[0.157s]     4 | #include [01;31m[K"geometry_msgs/msg/PoseWithCovarianceStamped.hpp"[m[K
[0.157s]       |          [01;31m[K^~~~~~~~~~~~~~~~~~~~~~~~~~~~~~~~~~~~~~~~~~~~~~~~~[m[K
[0.158s] compilation terminated.
[0.159s] make[2]: *** [CMakeFiles/publisher.dir/build.make:63: CMakeFiles/publisher.dir/publisher.cpp.o] Error 1
[0.159s] make[1]: *** [CMakeFiles/Makefile2:78: CMakeFiles/publisher.dir/all] Error 2
[0.159s] make: *** [Makefile:141: all] Error 2
[0.161s] Invoked command in '/home/usuario/Documentos/GitHub/IR2121/Navigation/build/nav' returned '2': CMAKE_PREFIX_PATH=/opt/ros/foxy /usr/bin/cmake --build /home/usuario/Documentos/GitHub/IR2121/Navigation/build/nav -- -j6 -l6
