[0.023s] Invoking command in '/home/usuario/Documentos/GitHub/IR2121/Navigation/build/nav': CMAKE_PREFIX_PATH=/opt/ros/foxy /usr/bin/cmake --build /home/usuario/Documentos/GitHub/IR2121/Navigation/build/nav -- -j6 -l6
[0.057s] [35m[1mScanning dependencies of target publisher[0m
[0.077s] [ 50%] [32mBuilding CXX object CMakeFiles/publisher.dir/publisher.cpp.o[0m
[2.506s] [100%] [32m[1mLinking CXX executable publisher[0m
[2.678s] /usr/bin/ld: CMakeFiles/publisher.dir/publisher.cpp.o: en la funci√≥n `main':
[2.678s] publisher.cpp:(.text+0x636): referencia a `void tf2::doTransform<geometry_msgs::msg::PoseStamped_<std::allocator<void> > >(geometry_msgs::msg::PoseStamped_<std::allocator<void> > const&, geometry_msgs::msg::PoseStamped_<std::allocator<void> >&, geometry_msgs::msg::TransformStamped_<std::allocator<void> > const&)' sin definir
[2.678s] collect2: error: ld returned 1 exit status
[2.679s] make[2]: *** [CMakeFiles/publisher.dir/build.make:167: publisher] Error 1
[2.679s] make[1]: *** [CMakeFiles/Makefile2:78: CMakeFiles/publisher.dir/all] Error 2
[2.680s] make: *** [Makefile:141: all] Error 2
[2.681s] Invoked command in '/home/usuario/Documentos/GitHub/IR2121/Navigation/build/nav' returned '2': CMAKE_PREFIX_PATH=/opt/ros/foxy /usr/bin/cmake --build /home/usuario/Documentos/GitHub/IR2121/Navigation/build/nav -- -j6 -l6
