[0.015s] Invoking command in '/home/usuario/Documentos/GitHub/IR2121/Navigation/build/nav': CMAKE_PREFIX_PATH=/opt/ros/foxy /usr/bin/cmake --build /home/usuario/Documentos/GitHub/IR2121/Navigation/build/nav -- -j6 -l6
[0.062s] [35m[1mScanning dependencies of target publisher[0m
[0.085s] [ 50%] [32mBuilding CXX object CMakeFiles/publisher.dir/publisher.cpp.o[0m
[1.024s] [01m[K/home/usuario/Documentos/GitHub/IR2121/Navigation/src/nav/publisher.cpp:10:42:[m[K [01;31m[Kerror: [m[Kâ€˜[01m[KPoseWithCovarianceStamped[m[Kâ€™ in namespace â€˜[01m[Kgeometry_msgs[m[Kâ€™ does not name a type
[1.024s]    10 | void topic_callback(const geometry_msgs::[01;31m[KPoseWithCovarianceStamped[m[K::ConstPtr& msg)
[1.024s]       |                                          [01;31m[K^~~~~~~~~~~~~~~~~~~~~~~~~[m[K
[1.024s] [01m[K/home/usuario/Documentos/GitHub/IR2121/Navigation/src/nav/publisher.cpp:10:77:[m[K [01;31m[Kerror: [m[Kexpected unqualified-id before â€˜[01m[K&[m[Kâ€™ token
[1.024s]    10 | void topic_callback(const geometry_msgs::PoseWithCovarianceStamped::ConstPtr[01;31m[K&[m[K msg)
[1.024s]       |                                                                             [01;31m[K^[m[K
[1.024s] [01m[K/home/usuario/Documentos/GitHub/IR2121/Navigation/src/nav/publisher.cpp:10:77:[m[K [01;31m[Kerror: [m[Kexpected â€˜[01m[K)[m[Kâ€™ before â€˜[01m[K&[m[Kâ€™ token
[1.024s]    10 | void topic_callback[34m[K([m[Kconst geometry_msgs::PoseWithCovarianceStamped::ConstPtr[01;31m[K&[m[K msg)
[1.024s]       |                    [34m[K~[m[K                                                        [01;31m[K^[m[K
[1.024s]       |                                                                             [32m[K)[m[K
[1.024s] [01m[K/home/usuario/Documentos/GitHub/IR2121/Navigation/src/nav/publisher.cpp:10:79:[m[K [01;31m[Kerror: [m[Kexpected initializer before â€˜[01m[Kmsg[m[Kâ€™
[1.024s]    10 | void topic_callback(const geometry_msgs::PoseWithCovarianceStamped::ConstPtr& [01;31m[Kmsg[m[K)
[1.024s]       |                                                                               [01;31m[K^~~[m[K
[1.029s] [01m[K/home/usuario/Documentos/GitHub/IR2121/Navigation/src/nav/publisher.cpp:[m[K In function â€˜[01m[Kint main(int, char**)[m[Kâ€™:
[1.029s] [01m[K/home/usuario/Documentos/GitHub/IR2121/Navigation/src/nav/publisher.cpp:21:49:[m[K [01;31m[Kerror: [m[Kâ€˜[01m[Knav_msgs[m[Kâ€™ was not declared in this scope
[1.029s]    21 |   auto subscription = node->create_subscription<[01;31m[Knav_msgs[m[K::msg::PoseWithCovarianceStamped>("amcl_pose", 10, topic_callback);
[1.029s]       |                                                 [01;31m[K^~~~~~~~[m[K
[1.029s] [01m[K/home/usuario/Documentos/GitHub/IR2121/Navigation/src/nav/publisher.cpp:21:29:[m[K [01;31m[Kerror: [m[Kparse error in template argument list
[1.029s]    21 |   auto subscription = node->[01;31m[Kcreate_subscription<nav_msgs::msg::PoseWithCovarianceStamped>[m[K("amcl_pose", 10, topic_callback);
[1.029s]       |                             [01;31m[K^~~~~~~~~~~~~~~~~~~~~~~~~~~~~~~~~~~~~~~~~~~~~~~~~~~~~~~~~~~~~[m[K
[1.031s] [01m[K/home/usuario/Documentos/GitHub/IR2121/Navigation/src/nav/publisher.cpp:21:108:[m[K [01;31m[Kerror: [m[Kâ€˜[01m[Ktopic_callback[m[Kâ€™ was not declared in this scope
[1.031s]    21 |   auto subscription = node->create_subscription<nav_msgs::msg::PoseWithCovarianceStamped>("amcl_pose", 10, [01;31m[Ktopic_callback[m[K);
[1.031s]       |                                                                                                            [01;31m[K^~~~~~~~~~~~~~[m[K
[1.704s] make[2]: *** [CMakeFiles/publisher.dir/build.make:63: CMakeFiles/publisher.dir/publisher.cpp.o] Error 1
[1.705s] make[1]: *** [CMakeFiles/Makefile2:78: CMakeFiles/publisher.dir/all] Error 2
[1.705s] make: *** [Makefile:141: all] Error 2
[1.707s] Invoked command in '/home/usuario/Documentos/GitHub/IR2121/Navigation/build/nav' returned '2': CMAKE_PREFIX_PATH=/opt/ros/foxy /usr/bin/cmake --build /home/usuario/Documentos/GitHub/IR2121/Navigation/build/nav -- -j6 -l6
