[0.019s] Invoking command in '/home/usuario/Documentos/GitHub/IR2121/Navigation/build/nav': CMAKE_PREFIX_PATH=/opt/ros/foxy /usr/bin/cmake /home/usuario/Documentos/GitHub/IR2121/Navigation/src -DCMAKE_INSTALL_PREFIX=/home/usuario/Documentos/GitHub/IR2121/Navigation/install/nav
[0.115s] -- The C compiler identification is GNU 9.4.0
[0.192s] -- The CXX compiler identification is GNU 9.4.0
[0.197s] -- Check for working C compiler: /usr/bin/cc
[0.360s] -- Check for working C compiler: /usr/bin/cc -- works
[0.361s] -- Detecting C compiler ABI info
[0.519s] -- Detecting C compiler ABI info - done
[0.530s] -- Detecting C compile features
[0.530s] -- Detecting C compile features - done
[0.532s] -- Check for working CXX compiler: /usr/bin/c++
[0.692s] -- Check for working CXX compiler: /usr/bin/c++ -- works
[0.693s] -- Detecting CXX compiler ABI info
[0.847s] -- Detecting CXX compiler ABI info - done
[0.864s] -- Detecting CXX compile features
[0.864s] -- Detecting CXX compile features - done
[0.866s] -- Found ament_cmake: 0.9.12 (/opt/ros/foxy/share/ament_cmake/cmake)
[0.898s] -- Found PythonInterp: /usr/bin/python3 (found suitable version "3.8.10", minimum required is "3") 
[0.898s] -- Using PYTHON_EXECUTABLE: /usr/bin/python3
[1.099s] -- Found rclcpp: 2.4.3 (/opt/ros/foxy/share/rclcpp/cmake)
[1.133s] -- Using all available rosidl_typesupport_c: rosidl_typesupport_fastrtps_c;rosidl_typesupport_introspection_c
[1.137s] -- Found rosidl_adapter: 1.3.1 (/opt/ros/foxy/share/rosidl_adapter/cmake)
[1.201s] -- Found OpenSSL: /usr/lib/x86_64-linux-gnu/libcrypto.so (found version "1.1.1f")  
[1.232s] -- Found FastRTPS: /opt/ros/foxy/include  
[1.293s] -- Using all available rosidl_typesupport_cpp: rosidl_typesupport_fastrtps_cpp;rosidl_typesupport_introspection_cpp
[1.333s] -- Found rmw_implementation_cmake: 1.0.4 (/opt/ros/foxy/share/rmw_implementation_cmake/cmake)
[1.334s] -- Using RMW implementation 'rmw_fastrtps_cpp' as default
[1.341s] -- Looking for pthread.h
[1.491s] -- Looking for pthread.h - found
[1.491s] -- Performing Test CMAKE_HAVE_LIBC_PTHREAD
[1.652s] -- Performing Test CMAKE_HAVE_LIBC_PTHREAD - Failed
[1.652s] -- Looking for pthread_create in pthreads
[1.766s] -- Looking for pthread_create in pthreads - not found
[1.766s] -- Looking for pthread_create in pthread
[1.920s] -- Looking for pthread_create in pthread - found
[1.922s] -- Found Threads: TRUE  
[2.035s] -- Found geometry_msgs: 2.0.5 (/opt/ros/foxy/share/geometry_msgs/cmake)
[2.061s] -- Found nav_msgs: 2.0.5 (/opt/ros/foxy/share/nav_msgs/cmake)
[2.217s] -- Configuring done
[2.225s] -- Generating done
[2.227s] -- Build files have been written to: /home/usuario/Documentos/GitHub/IR2121/Navigation/build/nav
[2.236s] Invoked command in '/home/usuario/Documentos/GitHub/IR2121/Navigation/build/nav' returned '0': CMAKE_PREFIX_PATH=/opt/ros/foxy /usr/bin/cmake /home/usuario/Documentos/GitHub/IR2121/Navigation/src -DCMAKE_INSTALL_PREFIX=/home/usuario/Documentos/GitHub/IR2121/Navigation/install/nav
[2.238s] Invoking command in '/home/usuario/Documentos/GitHub/IR2121/Navigation/build/nav': CMAKE_PREFIX_PATH=/opt/ros/foxy /usr/bin/cmake --build /home/usuario/Documentos/GitHub/IR2121/Navigation/build/nav -- -j6 -l6
[2.307s] [35m[1mScanning dependencies of target publisher[0m
[2.352s] [ 50%] [32mBuilding CXX object CMakeFiles/publisher.dir/publisher.cpp.o[0m
[3.308s] [01m[K/home/usuario/Documentos/GitHub/IR2121/Navigation/src/publisher.cpp:[m[K In function â€˜[01m[Kvoid topic_callback(nav_msgs::msg::Odometry_<std::allocator<void> >::SharedPtr)[m[Kâ€™:
[3.308s] [01m[K/home/usuario/Documentos/GitHub/IR2121/Navigation/src/publisher.cpp:12:21:[m[K [01;31m[Kerror: [m[Kâ€˜[01m[Kusing element_type = struct nav_msgs::msg::Odometry_<std::allocator<void> >[m[Kâ€™ {aka â€˜[01m[Kstruct nav_msgs::msg::Odometry_<std::allocator<void> >[m[Kâ€™} has no member named â€˜[01m[Kdata[m[Kâ€™
[3.308s]    12 |   std::cout << msg->[01;31m[Kdata[m[K << std::endl;
[3.308s]       |                     [01;31m[K^~~~[m[K
[4.565s] make[2]: *** [CMakeFiles/publisher.dir/build.make:63: CMakeFiles/publisher.dir/publisher.cpp.o] Error 1
[4.565s] make[1]: *** [CMakeFiles/Makefile2:78: CMakeFiles/publisher.dir/all] Error 2
[4.565s] make: *** [Makefile:141: all] Error 2
[4.568s] Invoked command in '/home/usuario/Documentos/GitHub/IR2121/Navigation/build/nav' returned '2': CMAKE_PREFIX_PATH=/opt/ros/foxy /usr/bin/cmake --build /home/usuario/Documentos/GitHub/IR2121/Navigation/build/nav -- -j6 -l6
