[35m[1mScanning dependencies of target publisher[0m
[ 50%] [32mBuilding CXX object CMakeFiles/publisher.dir/publisher.cpp.o[0m
[01m[K/home/usuario/Documentos/GitHub/IR2121/Navigation/src/nav/publisher.cpp:11:47:[m[K [01;31m[Kerror: [m[Kâ€˜[01m[KPoseWithCovarianceStamped[m[Kâ€™ in namespace â€˜[01m[Kgeometry_msgs::msg[m[Kâ€™ does not name a type
   11 | void topic_callback(const geometry_msgs::msg::[01;31m[KPoseWithCovarianceStamped[m[K::ConstPtr& msg)
      |                                               [01;31m[K^~~~~~~~~~~~~~~~~~~~~~~~~[m[K
[01m[K/home/usuario/Documentos/GitHub/IR2121/Navigation/src/nav/publisher.cpp:11:82:[m[K [01;31m[Kerror: [m[Kexpected unqualified-id before â€˜[01m[K&[m[Kâ€™ token
   11 | void topic_callback(const geometry_msgs::msg::PoseWithCovarianceStamped::ConstPtr[01;31m[K&[m[K msg)
      |                                                                                  [01;31m[K^[m[K
[01m[K/home/usuario/Documentos/GitHub/IR2121/Navigation/src/nav/publisher.cpp:11:82:[m[K [01;31m[Kerror: [m[Kexpected â€˜[01m[K)[m[Kâ€™ before â€˜[01m[K&[m[Kâ€™ token
   11 | void topic_callback[34m[K([m[Kconst geometry_msgs::msg::PoseWithCovarianceStamped::ConstPtr[01;31m[K&[m[K msg)
      |                    [34m[K~[m[K                                                             [01;31m[K^[m[K
      |                                                                                  [32m[K)[m[K
[01m[K/home/usuario/Documentos/GitHub/IR2121/Navigation/src/nav/publisher.cpp:11:84:[m[K [01;31m[Kerror: [m[Kexpected initializer before â€˜[01m[Kmsg[m[Kâ€™
   11 | void topic_callback(const geometry_msgs::msg::PoseWithCovarianceStamped::ConstPtr& [01;31m[Kmsg[m[K)
      |                                                                                    [01;31m[K^~~[m[K
[01m[K/home/usuario/Documentos/GitHub/IR2121/Navigation/src/nav/publisher.cpp:[m[K In function â€˜[01m[Kint main(int, char**)[m[Kâ€™:
[01m[K/home/usuario/Documentos/GitHub/IR2121/Navigation/src/nav/publisher.cpp:22:69:[m[K [01;31m[Kerror: [m[Kâ€˜[01m[KPoseWithCovarianceStamped[m[Kâ€™ is not a member of â€˜[01m[Kgeometry_msgs::msg[m[Kâ€™
   22 |   auto subscription = node->create_subscription<geometry_msgs::msg::[01;31m[KPoseWithCovarianceStamped[m[K>("amcl_pose", 10, topic_callback);
      |                                                                     [01;31m[K^~~~~~~~~~~~~~~~~~~~~~~~~[m[K
[01m[K/home/usuario/Documentos/GitHub/IR2121/Navigation/src/nav/publisher.cpp:22:69:[m[K [01;31m[Kerror: [m[Kâ€˜[01m[KPoseWithCovarianceStamped[m[Kâ€™ is not a member of â€˜[01m[Kgeometry_msgs::msg[m[Kâ€™
[01m[K/home/usuario/Documentos/GitHub/IR2121/Navigation/src/nav/publisher.cpp:22:113:[m[K [01;31m[Kerror: [m[Kâ€˜[01m[Ktopic_callback[m[Kâ€™ was not declared in this scope
   22 |   auto subscription = node->create_subscription<geometry_msgs::msg::PoseWithCovarianceStamped>("amcl_pose", 10, [01;31m[Ktopic_callback[m[K);
      |                                                                                                                 [01;31m[K^~~~~~~~~~~~~~[m[K
make[2]: *** [CMakeFiles/publisher.dir/build.make:63: CMakeFiles/publisher.dir/publisher.cpp.o] Error 1
make[1]: *** [CMakeFiles/Makefile2:78: CMakeFiles/publisher.dir/all] Error 2
make: *** [Makefile:141: all] Error 2
